  DIT1 G9 Dexter Tan Yi Chyuan Assignment.c
c:\users\acer\desktop\dit1g9 dexter tan yi chyuan assignment\dit1g9 dexter tan yi chyuan assignment\dit1 g9 dexter tan yi chyuan assignment.c(438): warning C4047: '==': 'int' differs in levels of indirection from 'char [2]'
c:\users\acer\desktop\dit1g9 dexter tan yi chyuan assignment\dit1g9 dexter tan yi chyuan assignment\dit1 g9 dexter tan yi chyuan assignment.c(790): warning C4047: '==': 'int' differs in levels of indirection from 'char [2]'
c:\users\acer\desktop\dit1g9 dexter tan yi chyuan assignment\dit1g9 dexter tan yi chyuan assignment\dit1 g9 dexter tan yi chyuan assignment.c(801): warning C4047: 'function': 'char *' differs in levels of indirection from 'char'
c:\users\acer\desktop\dit1g9 dexter tan yi chyuan assignment\dit1g9 dexter tan yi chyuan assignment\dit1 g9 dexter tan yi chyuan assignment.c(801): warning C4024: 'strcpy': different types for formal and actual parameter 1
c:\users\acer\desktop\dit1g9 dexter tan yi chyuan assignment\dit1g9 dexter tan yi chyuan assignment\dit1 g9 dexter tan yi chyuan assignment.c(801): warning C4047: 'function': 'const char *' differs in levels of indirection from 'char'
c:\users\acer\desktop\dit1g9 dexter tan yi chyuan assignment\dit1g9 dexter tan yi chyuan assignment\dit1 g9 dexter tan yi chyuan assignment.c(801): warning C4024: 'strcpy': different types for formal and actual parameter 2
c:\users\acer\desktop\dit1g9 dexter tan yi chyuan assignment\dit1g9 dexter tan yi chyuan assignment\dit1 g9 dexter tan yi chyuan assignment.c(1003): warning C4101: 'selection': unreferenced local variable
c:\users\acer\desktop\dit1g9 dexter tan yi chyuan assignment\dit1g9 dexter tan yi chyuan assignment\dit1 g9 dexter tan yi chyuan assignment.c(1085): warning C4566: character represented by universal-character-name '\u2584' cannot be represented in the current code page (1252)
c:\users\acer\desktop\dit1g9 dexter tan yi chyuan assignment\dit1g9 dexter tan yi chyuan assignment\dit1 g9 dexter tan yi chyuan assignment.c(1085): warning C4566: character represented by universal-character-name '\u2588' cannot be represented in the current code page (1252)
c:\users\acer\desktop\dit1g9 dexter tan yi chyuan assignment\dit1g9 dexter tan yi chyuan assignment\dit1 g9 dexter tan yi chyuan assignment.c(1086): warning C4566: character represented by universal-character-name '\u2588' cannot be represented in the current code page (1252)
c:\users\acer\desktop\dit1g9 dexter tan yi chyuan assignment\dit1g9 dexter tan yi chyuan assignment\dit1 g9 dexter tan yi chyuan assignment.c(1086): warning C4566: character represented by universal-character-name '\u2580' cannot be represented in the current code page (1252)
c:\users\acer\desktop\dit1g9 dexter tan yi chyuan assignment\dit1g9 dexter tan yi chyuan assignment\dit1 g9 dexter tan yi chyuan assignment.c(1086): warning C4566: character represented by universal-character-name '\u2584' cannot be represented in the current code page (1252)
c:\users\acer\desktop\dit1g9 dexter tan yi chyuan assignment\dit1g9 dexter tan yi chyuan assignment\dit1 g9 dexter tan yi chyuan assignment.c(1087): warning C4566: character represented by universal-character-name '\u2588' cannot be represented in the current code page (1252)
c:\users\acer\desktop\dit1g9 dexter tan yi chyuan assignment\dit1g9 dexter tan yi chyuan assignment\dit1 g9 dexter tan yi chyuan assignment.c(1087): warning C4566: character represented by universal-character-name '\u2580' cannot be represented in the current code page (1252)
c:\users\acer\desktop\dit1g9 dexter tan yi chyuan assignment\dit1g9 dexter tan yi chyuan assignment\dit1 g9 dexter tan yi chyuan assignment.c(1088): warning C4566: character represented by universal-character-name '\u2588' cannot be represented in the current code page (1252)
c:\users\acer\desktop\dit1g9 dexter tan yi chyuan assignment\dit1g9 dexter tan yi chyuan assignment\dit1 g9 dexter tan yi chyuan assignment.c(1088): warning C4566: character represented by universal-character-name '\u2580' cannot be represented in the current code page (1252)
c:\users\acer\desktop\dit1g9 dexter tan yi chyuan assignment\dit1g9 dexter tan yi chyuan assignment\dit1 g9 dexter tan yi chyuan assignment.c(1088): warning C4566: character represented by universal-character-name '\u2584' cannot be represented in the current code page (1252)
c:\users\acer\desktop\dit1g9 dexter tan yi chyuan assignment\dit1g9 dexter tan yi chyuan assignment\dit1 g9 dexter tan yi chyuan assignment.c(1089): warning C4566: character represented by universal-character-name '\u2580' cannot be represented in the current code page (1252)
c:\users\acer\desktop\dit1g9 dexter tan yi chyuan assignment\dit1g9 dexter tan yi chyuan assignment\dit1 g9 dexter tan yi chyuan assignment.c(1089): warning C4566: character represented by universal-character-name '\u2588' cannot be represented in the current code page (1252)
c:\users\acer\desktop\dit1g9 dexter tan yi chyuan assignment\dit1g9 dexter tan yi chyuan assignment\dit1 g9 dexter tan yi chyuan assignment.c(1090): warning C4566: character represented by universal-character-name '\u2588' cannot be represented in the current code page (1252)
c:\users\acer\desktop\dit1g9 dexter tan yi chyuan assignment\dit1g9 dexter tan yi chyuan assignment\dit1 g9 dexter tan yi chyuan assignment.c(1091): warning C4566: character represented by universal-character-name '\u2584' cannot be represented in the current code page (1252)
c:\users\acer\desktop\dit1g9 dexter tan yi chyuan assignment\dit1g9 dexter tan yi chyuan assignment\dit1 g9 dexter tan yi chyuan assignment.c(1091): warning C4566: character represented by universal-character-name '\u2588' cannot be represented in the current code page (1252)
c:\users\acer\desktop\dit1g9 dexter tan yi chyuan assignment\dit1g9 dexter tan yi chyuan assignment\dit1 g9 dexter tan yi chyuan assignment.c(1092): warning C4566: character represented by universal-character-name '\u2584' cannot be represented in the current code page (1252)
c:\users\acer\desktop\dit1g9 dexter tan yi chyuan assignment\dit1g9 dexter tan yi chyuan assignment\dit1 g9 dexter tan yi chyuan assignment.c(1092): warning C4566: character represented by universal-character-name '\u2588' cannot be represented in the current code page (1252)
c:\users\acer\desktop\dit1g9 dexter tan yi chyuan assignment\dit1g9 dexter tan yi chyuan assignment\dit1 g9 dexter tan yi chyuan assignment.c(1092): warning C4566: character represented by universal-character-name '\u2580' cannot be represented in the current code page (1252)
c:\users\acer\desktop\dit1g9 dexter tan yi chyuan assignment\dit1g9 dexter tan yi chyuan assignment\dit1 g9 dexter tan yi chyuan assignment.c(1094): warning C4566: character represented by universal-character-name '\u2584' cannot be represented in the current code page (1252)
c:\users\acer\desktop\dit1g9 dexter tan yi chyuan assignment\dit1g9 dexter tan yi chyuan assignment\dit1 g9 dexter tan yi chyuan assignment.c(1094): warning C4566: character represented by universal-character-name '\u2588' cannot be represented in the current code page (1252)
c:\users\acer\desktop\dit1g9 dexter tan yi chyuan assignment\dit1g9 dexter tan yi chyuan assignment\dit1 g9 dexter tan yi chyuan assignment.c(1095): warning C4566: character represented by universal-character-name '\u2588' cannot be represented in the current code page (1252)
c:\users\acer\desktop\dit1g9 dexter tan yi chyuan assignment\dit1g9 dexter tan yi chyuan assignment\dit1 g9 dexter tan yi chyuan assignment.c(1095): warning C4566: character represented by universal-character-name '\u2580' cannot be represented in the current code page (1252)
c:\users\acer\desktop\dit1g9 dexter tan yi chyuan assignment\dit1g9 dexter tan yi chyuan assignment\dit1 g9 dexter tan yi chyuan assignment.c(1095): warning C4566: character represented by universal-character-name '\u2584' cannot be represented in the current code page (1252)
c:\users\acer\desktop\dit1g9 dexter tan yi chyuan assignment\dit1g9 dexter tan yi chyuan assignment\dit1 g9 dexter tan yi chyuan assignment.c(1096): warning C4566: character represented by universal-character-name '\u2588' cannot be represented in the current code page (1252)
c:\users\acer\desktop\dit1g9 dexter tan yi chyuan assignment\dit1g9 dexter tan yi chyuan assignment\dit1 g9 dexter tan yi chyuan assignment.c(1096): warning C4566: character represented by universal-character-name '\u258C' cannot be represented in the current code page (1252)
c:\users\acer\desktop\dit1g9 dexter tan yi chyuan assignment\dit1g9 dexter tan yi chyuan assignment\dit1 g9 dexter tan yi chyuan assignment.c(1096): warning C4566: character represented by universal-character-name '\u2580' cannot be represented in the current code page (1252)
c:\users\acer\desktop\dit1g9 dexter tan yi chyuan assignment\dit1g9 dexter tan yi chyuan assignment\dit1 g9 dexter tan yi chyuan assignment.c(1097): warning C4566: character represented by universal-character-name '\u2588' cannot be represented in the current code page (1252)
c:\users\acer\desktop\dit1g9 dexter tan yi chyuan assignment\dit1g9 dexter tan yi chyuan assignment\dit1 g9 dexter tan yi chyuan assignment.c(1097): warning C4566: character represented by universal-character-name '\u258C' cannot be represented in the current code page (1252)
c:\users\acer\desktop\dit1g9 dexter tan yi chyuan assignment\dit1g9 dexter tan yi chyuan assignment\dit1 g9 dexter tan yi chyuan assignment.c(1097): warning C4566: character represented by universal-character-name '\u2584' cannot be represented in the current code page (1252)
c:\users\acer\desktop\dit1g9 dexter tan yi chyuan assignment\dit1g9 dexter tan yi chyuan assignment\dit1 g9 dexter tan yi chyuan assignment.c(1097): warning C4566: character represented by universal-character-name '\u2580' cannot be represented in the current code page (1252)
c:\users\acer\desktop\dit1g9 dexter tan yi chyuan assignment\dit1g9 dexter tan yi chyuan assignment\dit1 g9 dexter tan yi chyuan assignment.c(1098): warning C4566: character represented by universal-character-name '\u2588' cannot be represented in the current code page (1252)
c:\users\acer\desktop\dit1g9 dexter tan yi chyuan assignment\dit1g9 dexter tan yi chyuan assignment\dit1 g9 dexter tan yi chyuan assignment.c(1098): warning C4566: character represented by universal-character-name '\u258C' cannot be represented in the current code page (1252)
c:\users\acer\desktop\dit1g9 dexter tan yi chyuan assignment\dit1g9 dexter tan yi chyuan assignment\dit1 g9 dexter tan yi chyuan assignment.c(1098): warning C4566: character represented by universal-character-name '\u2580' cannot be represented in the current code page (1252)
c:\users\acer\desktop\dit1g9 dexter tan yi chyuan assignment\dit1g9 dexter tan yi chyuan assignment\dit1 g9 dexter tan yi chyuan assignment.c(1099): warning C4566: character represented by universal-character-name '\u2588' cannot be represented in the current code page (1252)
c:\users\acer\desktop\dit1g9 dexter tan yi chyuan assignment\dit1g9 dexter tan yi chyuan assignment\dit1 g9 dexter tan yi chyuan assignment.c(1099): warning C4566: character represented by universal-character-name '\u2580' cannot be represented in the current code page (1252)
c:\users\acer\desktop\dit1g9 dexter tan yi chyuan assignment\dit1g9 dexter tan yi chyuan assignment\dit1 g9 dexter tan yi chyuan assignment.c(1100): warning C4566: character represented by universal-character-name '\u2588' cannot be represented in the current code page (1252)
c:\users\acer\desktop\dit1g9 dexter tan yi chyuan assignment\dit1g9 dexter tan yi chyuan assignment\dit1 g9 dexter tan yi chyuan assignment.c(1101): warning C4566: character represented by universal-character-name '\u2588' cannot be represented in the current code page (1252)
c:\users\acer\desktop\dit1g9 dexter tan yi chyuan assignment\dit1g9 dexter tan yi chyuan assignment\dit1 g9 dexter tan yi chyuan assignment.c(1101): warning C4566: character represented by universal-character-name '\u2580' cannot be represented in the current code page (1252)
c:\users\acer\desktop\dit1g9 dexter tan yi chyuan assignment\dit1g9 dexter tan yi chyuan assignment\dit1 g9 dexter tan yi chyuan assignment.c(1101): warning C4566: character represented by universal-character-name '\u2584' cannot be represented in the current code page (1252)
c:\users\acer\desktop\dit1g9 dexter tan yi chyuan assignment\dit1g9 dexter tan yi chyuan assignment\dit1 g9 dexter tan yi chyuan assignment.c(1102): warning C4566: character represented by universal-character-name '\u2588' cannot be represented in the current code page (1252)
c:\users\acer\desktop\dit1g9 dexter tan yi chyuan assignment\dit1g9 dexter tan yi chyuan assignment\dit1 g9 dexter tan yi chyuan assignment.c(1142): warning C4566: character represented by universal-character-name '\u2584' cannot be represented in the current code page (1252)
c:\users\acer\desktop\dit1g9 dexter tan yi chyuan assignment\dit1g9 dexter tan yi chyuan assignment\dit1 g9 dexter tan yi chyuan assignment.c(1142): warning C4566: character represented by universal-character-name '\u2588' cannot be represented in the current code page (1252)
c:\users\acer\desktop\dit1g9 dexter tan yi chyuan assignment\dit1g9 dexter tan yi chyuan assignment\dit1 g9 dexter tan yi chyuan assignment.c(1143): warning C4566: character represented by universal-character-name '\u2588' cannot be represented in the current code page (1252)
c:\users\acer\desktop\dit1g9 dexter tan yi chyuan assignment\dit1g9 dexter tan yi chyuan assignment\dit1 g9 dexter tan yi chyuan assignment.c(1143): warning C4566: character represented by universal-character-name '\u2580' cannot be represented in the current code page (1252)
c:\users\acer\desktop\dit1g9 dexter tan yi chyuan assignment\dit1g9 dexter tan yi chyuan assignment\dit1 g9 dexter tan yi chyuan assignment.c(1143): warning C4566: character represented by universal-character-name '\u2584' cannot be represented in the current code page (1252)
c:\users\acer\desktop\dit1g9 dexter tan yi chyuan assignment\dit1g9 dexter tan yi chyuan assignment\dit1 g9 dexter tan yi chyuan assignment.c(1144): warning C4566: character represented by universal-character-name '\u2588' cannot be represented in the current code page (1252)
c:\users\acer\desktop\dit1g9 dexter tan yi chyuan assignment\dit1g9 dexter tan yi chyuan assignment\dit1 g9 dexter tan yi chyuan assignment.c(1144): warning C4566: character represented by universal-character-name '\u2580' cannot be represented in the current code page (1252)
c:\users\acer\desktop\dit1g9 dexter tan yi chyuan assignment\dit1g9 dexter tan yi chyuan assignment\dit1 g9 dexter tan yi chyuan assignment.c(1145): warning C4566: character represented by universal-character-name '\u2588' cannot be represented in the current code page (1252)
c:\users\acer\desktop\dit1g9 dexter tan yi chyuan assignment\dit1g9 dexter tan yi chyuan assignment\dit1 g9 dexter tan yi chyuan assignment.c(1145): warning C4566: character represented by universal-character-name '\u2580' cannot be represented in the current code page (1252)
c:\users\acer\desktop\dit1g9 dexter tan yi chyuan assignment\dit1g9 dexter tan yi chyuan assignment\dit1 g9 dexter tan yi chyuan assignment.c(1145): warning C4566: character represented by universal-character-name '\u2584' cannot be represented in the current code page (1252)
c:\users\acer\desktop\dit1g9 dexter tan yi chyuan assignment\dit1g9 dexter tan yi chyuan assignment\dit1 g9 dexter tan yi chyuan assignment.c(1146): warning C4566: character represented by universal-character-name '\u2580' cannot be represented in the current code page (1252)
c:\users\acer\desktop\dit1g9 dexter tan yi chyuan assignment\dit1g9 dexter tan yi chyuan assignment\dit1 g9 dexter tan yi chyuan assignment.c(1146): warning C4566: character represented by universal-character-name '\u2588' cannot be represented in the current code page (1252)
c:\users\acer\desktop\dit1g9 dexter tan yi chyuan assignment\dit1g9 dexter tan yi chyuan assignment\dit1 g9 dexter tan yi chyuan assignment.c(1147): warning C4566: character represented by universal-character-name '\u2588' cannot be represented in the current code page (1252)
c:\users\acer\desktop\dit1g9 dexter tan yi chyuan assignment\dit1g9 dexter tan yi chyuan assignment\dit1 g9 dexter tan yi chyuan assignment.c(1148): warning C4566: character represented by universal-character-name '\u2584' cannot be represented in the current code page (1252)
c:\users\acer\desktop\dit1g9 dexter tan yi chyuan assignment\dit1g9 dexter tan yi chyuan assignment\dit1 g9 dexter tan yi chyuan assignment.c(1148): warning C4566: character represented by universal-character-name '\u2588' cannot be represented in the current code page (1252)
c:\users\acer\desktop\dit1g9 dexter tan yi chyuan assignment\dit1g9 dexter tan yi chyuan assignment\dit1 g9 dexter tan yi chyuan assignment.c(1149): warning C4566: character represented by universal-character-name '\u2584' cannot be represented in the current code page (1252)
c:\users\acer\desktop\dit1g9 dexter tan yi chyuan assignment\dit1g9 dexter tan yi chyuan assignment\dit1 g9 dexter tan yi chyuan assignment.c(1149): warning C4566: character represented by universal-character-name '\u2588' cannot be represented in the current code page (1252)
c:\users\acer\desktop\dit1g9 dexter tan yi chyuan assignment\dit1g9 dexter tan yi chyuan assignment\dit1 g9 dexter tan yi chyuan assignment.c(1149): warning C4566: character represented by universal-character-name '\u2580' cannot be represented in the current code page (1252)
c:\users\acer\desktop\dit1g9 dexter tan yi chyuan assignment\dit1g9 dexter tan yi chyuan assignment\dit1 g9 dexter tan yi chyuan assignment.c(1151): warning C4566: character represented by universal-character-name '\u2584' cannot be represented in the current code page (1252)
c:\users\acer\desktop\dit1g9 dexter tan yi chyuan assignment\dit1g9 dexter tan yi chyuan assignment\dit1 g9 dexter tan yi chyuan assignment.c(1151): warning C4566: character represented by universal-character-name '\u2588' cannot be represented in the current code page (1252)
c:\users\acer\desktop\dit1g9 dexter tan yi chyuan assignment\dit1g9 dexter tan yi chyuan assignment\dit1 g9 dexter tan yi chyuan assignment.c(1152): warning C4566: character represented by universal-character-name '\u2588' cannot be represented in the current code page (1252)
c:\users\acer\desktop\dit1g9 dexter tan yi chyuan assignment\dit1g9 dexter tan yi chyuan assignment\dit1 g9 dexter tan yi chyuan assignment.c(1152): warning C4566: character represented by universal-character-name '\u2580' cannot be represented in the current code page (1252)
c:\users\acer\desktop\dit1g9 dexter tan yi chyuan assignment\dit1g9 dexter tan yi chyuan assignment\dit1 g9 dexter tan yi chyuan assignment.c(1152): warning C4566: character represented by universal-character-name '\u2584' cannot be represented in the current code page (1252)
c:\users\acer\desktop\dit1g9 dexter tan yi chyuan assignment\dit1g9 dexter tan yi chyuan assignment\dit1 g9 dexter tan yi chyuan assignment.c(1153): warning C4566: character represented by universal-character-name '\u2588' cannot be represented in the current code page (1252)
c:\users\acer\desktop\dit1g9 dexter tan yi chyuan assignment\dit1g9 dexter tan yi chyuan assignment\dit1 g9 dexter tan yi chyuan assignment.c(1153): warning C4566: character represented by universal-character-name '\u258C' cannot be represented in the current code page (1252)
c:\users\acer\desktop\dit1g9 dexter tan yi chyuan assignment\dit1g9 dexter tan yi chyuan assignment\dit1 g9 dexter tan yi chyuan assignment.c(1153): warning C4566: character represented by universal-character-name '\u2580' cannot be represented in the current code page (1252)
c:\users\acer\desktop\dit1g9 dexter tan yi chyuan assignment\dit1g9 dexter tan yi chyuan assignment\dit1 g9 dexter tan yi chyuan assignment.c(1154): warning C4566: character represented by universal-character-name '\u2588' cannot be represented in the current code page (1252)
c:\users\acer\desktop\dit1g9 dexter tan yi chyuan assignment\dit1g9 dexter tan yi chyuan assignment\dit1 g9 dexter tan yi chyuan assignment.c(1154): warning C4566: character represented by universal-character-name '\u258C' cannot be represented in the current code page (1252)
c:\users\acer\desktop\dit1g9 dexter tan yi chyuan assignment\dit1g9 dexter tan yi chyuan assignment\dit1 g9 dexter tan yi chyuan assignment.c(1154): warning C4566: character represented by universal-character-name '\u2584' cannot be represented in the current code page (1252)
c:\users\acer\desktop\dit1g9 dexter tan yi chyuan assignment\dit1g9 dexter tan yi chyuan assignment\dit1 g9 dexter tan yi chyuan assignment.c(1154): warning C4566: character represented by universal-character-name '\u2580' cannot be represented in the current code page (1252)
c:\users\acer\desktop\dit1g9 dexter tan yi chyuan assignment\dit1g9 dexter tan yi chyuan assignment\dit1 g9 dexter tan yi chyuan assignment.c(1155): warning C4566: character represented by universal-character-name '\u2588' cannot be represented in the current code page (1252)
c:\users\acer\desktop\dit1g9 dexter tan yi chyuan assignment\dit1g9 dexter tan yi chyuan assignment\dit1 g9 dexter tan yi chyuan assignment.c(1155): warning C4566: character represented by universal-character-name '\u258C' cannot be represented in the current code page (1252)
c:\users\acer\desktop\dit1g9 dexter tan yi chyuan assignment\dit1g9 dexter tan yi chyuan assignment\dit1 g9 dexter tan yi chyuan assignment.c(1155): warning C4566: character represented by universal-character-name '\u2580' cannot be represented in the current code page (1252)
c:\users\acer\desktop\dit1g9 dexter tan yi chyuan assignment\dit1g9 dexter tan yi chyuan assignment\dit1 g9 dexter tan yi chyuan assignment.c(1156): warning C4566: character represented by universal-character-name '\u2588' cannot be represented in the current code page (1252)
c:\users\acer\desktop\dit1g9 dexter tan yi chyuan assignment\dit1g9 dexter tan yi chyuan assignment\dit1 g9 dexter tan yi chyuan assignment.c(1156): warning C4566: character represented by universal-character-name '\u2580' cannot be represented in the current code page (1252)
c:\users\acer\desktop\dit1g9 dexter tan yi chyuan assignment\dit1g9 dexter tan yi chyuan assignment\dit1 g9 dexter tan yi chyuan assignment.c(1157): warning C4566: character represented by universal-character-name '\u2588' cannot be represented in the current code page (1252)
c:\users\acer\desktop\dit1g9 dexter tan yi chyuan assignment\dit1g9 dexter tan yi chyuan assignment\dit1 g9 dexter tan yi chyuan assignment.c(1158): warning C4566: character represented by universal-character-name '\u2588' cannot be represented in the current code page (1252)
c:\users\acer\desktop\dit1g9 dexter tan yi chyuan assignment\dit1g9 dexter tan yi chyuan assignment\dit1 g9 dexter tan yi chyuan assignment.c(1158): warning C4566: character represented by universal-character-name '\u2580' cannot be represented in the current code page (1252)
c:\users\acer\desktop\dit1g9 dexter tan yi chyuan assignment\dit1g9 dexter tan yi chyuan assignment\dit1 g9 dexter tan yi chyuan assignment.c(1158): warning C4566: character represented by universal-character-name '\u2584' cannot be represented in the current code page (1252)
c:\users\acer\desktop\dit1g9 dexter tan yi chyuan assignment\dit1g9 dexter tan yi chyuan assignment\dit1 g9 dexter tan yi chyuan assignment.c(1159): warning C4566: character represented by universal-character-name '\u2588' cannot be represented in the current code page (1252)
c:\users\acer\desktop\dit1g9 dexter tan yi chyuan assignment\dit1g9 dexter tan yi chyuan assignment\dit1 g9 dexter tan yi chyuan assignment.c(1285): warning C4566: character represented by universal-character-name '\u2584' cannot be represented in the current code page (1252)
c:\users\acer\desktop\dit1g9 dexter tan yi chyuan assignment\dit1g9 dexter tan yi chyuan assignment\dit1 g9 dexter tan yi chyuan assignment.c(1285): warning C4566: character represented by universal-character-name '\u2588' cannot be represented in the current code page (1252)
c:\users\acer\desktop\dit1g9 dexter tan yi chyuan assignment\dit1g9 dexter tan yi chyuan assignment\dit1 g9 dexter tan yi chyuan assignment.c(1286): warning C4566: character represented by universal-character-name '\u2588' cannot be represented in the current code page (1252)
c:\users\acer\desktop\dit1g9 dexter tan yi chyuan assignment\dit1g9 dexter tan yi chyuan assignment\dit1 g9 dexter tan yi chyuan assignment.c(1286): warning C4566: character represented by universal-character-name '\u2580' cannot be represented in the current code page (1252)
c:\users\acer\desktop\dit1g9 dexter tan yi chyuan assignment\dit1g9 dexter tan yi chyuan assignment\dit1 g9 dexter tan yi chyuan assignment.c(1286): warning C4566: character represented by universal-character-name '\u2584' cannot be represented in the current code page (1252)
c:\users\acer\desktop\dit1g9 dexter tan yi chyuan assignment\dit1g9 dexter tan yi chyuan assignment\dit1 g9 dexter tan yi chyuan assignment.c(1287): warning C4566: character represented by universal-character-name '\u2588' cannot be represented in the current code page (1252)
c:\users\acer\desktop\dit1g9 dexter tan yi chyuan assignment\dit1g9 dexter tan yi chyuan assignment\dit1 g9 dexter tan yi chyuan assignment.c(1287): warning C4566: character represented by universal-character-name '\u2580' cannot be represented in the current code page (1252)
c:\users\acer\desktop\dit1g9 dexter tan yi chyuan assignment\dit1g9 dexter tan yi chyuan assignment\dit1 g9 dexter tan yi chyuan assignment.c(1288): warning C4566: character represented by universal-character-name '\u2588' cannot be represented in the current code page (1252)
c:\users\acer\desktop\dit1g9 dexter tan yi chyuan assignment\dit1g9 dexter tan yi chyuan assignment\dit1 g9 dexter tan yi chyuan assignment.c(1288): warning C4566: character represented by universal-character-name '\u2580' cannot be represented in the current code page (1252)
c:\users\acer\desktop\dit1g9 dexter tan yi chyuan assignment\dit1g9 dexter tan yi chyuan assignment\dit1 g9 dexter tan yi chyuan assignment.c(1288): warning C4566: character represented by universal-character-name '\u2584' cannot be represented in the current code page (1252)
c:\users\acer\desktop\dit1g9 dexter tan yi chyuan assignment\dit1g9 dexter tan yi chyuan assignment\dit1 g9 dexter tan yi chyuan assignment.c(1289): warning C4566: character represented by universal-character-name '\u2580' cannot be represented in the current code page (1252)
c:\users\acer\desktop\dit1g9 dexter tan yi chyuan assignment\dit1g9 dexter tan yi chyuan assignment\dit1 g9 dexter tan yi chyuan assignment.c(1289): warning C4566: character represented by universal-character-name '\u2588' cannot be represented in the current code page (1252)
c:\users\acer\desktop\dit1g9 dexter tan yi chyuan assignment\dit1g9 dexter tan yi chyuan assignment\dit1 g9 dexter tan yi chyuan assignment.c(1290): warning C4566: character represented by universal-character-name '\u2588' cannot be represented in the current code page (1252)
c:\users\acer\desktop\dit1g9 dexter tan yi chyuan assignment\dit1g9 dexter tan yi chyuan assignment\dit1 g9 dexter tan yi chyuan assignment.c(1291): warning C4566: character represented by universal-character-name '\u2584' cannot be represented in the current code page (1252)
c:\users\acer\desktop\dit1g9 dexter tan yi chyuan assignment\dit1g9 dexter tan yi chyuan assignment\dit1 g9 dexter tan yi chyuan assignment.c(1291): warning C4566: character represented by universal-character-name '\u2588' cannot be represented in the current code page (1252)
c:\users\acer\desktop\dit1g9 dexter tan yi chyuan assignment\dit1g9 dexter tan yi chyuan assignment\dit1 g9 dexter tan yi chyuan assignment.c(1292): warning C4566: character represented by universal-character-name '\u2584' cannot be represented in the current code page (1252)
c:\users\acer\desktop\dit1g9 dexter tan yi chyuan assignment\dit1g9 dexter tan yi chyuan assignment\dit1 g9 dexter tan yi chyuan assignment.c(1292): warning C4566: character represented by universal-character-name '\u2588' cannot be represented in the current code page (1252)
c:\users\acer\desktop\dit1g9 dexter tan yi chyuan assignment\dit1g9 dexter tan yi chyuan assignment\dit1 g9 dexter tan yi chyuan assignment.c(1292): warning C4566: character represented by universal-character-name '\u2580' cannot be represented in the current code page (1252)
c:\users\acer\desktop\dit1g9 dexter tan yi chyuan assignment\dit1g9 dexter tan yi chyuan assignment\dit1 g9 dexter tan yi chyuan assignment.c(1294): warning C4566: character represented by universal-character-name '\u2584' cannot be represented in the current code page (1252)
c:\users\acer\desktop\dit1g9 dexter tan yi chyuan assignment\dit1g9 dexter tan yi chyuan assignment\dit1 g9 dexter tan yi chyuan assignment.c(1294): warning C4566: character represented by universal-character-name '\u2588' cannot be represented in the current code page (1252)
c:\users\acer\desktop\dit1g9 dexter tan yi chyuan assignment\dit1g9 dexter tan yi chyuan assignment\dit1 g9 dexter tan yi chyuan assignment.c(1295): warning C4566: character represented by universal-character-name '\u2588' cannot be represented in the current code page (1252)
c:\users\acer\desktop\dit1g9 dexter tan yi chyuan assignment\dit1g9 dexter tan yi chyuan assignment\dit1 g9 dexter tan yi chyuan assignment.c(1295): warning C4566: character represented by universal-character-name '\u2580' cannot be represented in the current code page (1252)
c:\users\acer\desktop\dit1g9 dexter tan yi chyuan assignment\dit1g9 dexter tan yi chyuan assignment\dit1 g9 dexter tan yi chyuan assignment.c(1295): warning C4566: character represented by universal-character-name '\u2584' cannot be represented in the current code page (1252)
c:\users\acer\desktop\dit1g9 dexter tan yi chyuan assignment\dit1g9 dexter tan yi chyuan assignment\dit1 g9 dexter tan yi chyuan assignment.c(1296): warning C4566: character represented by universal-character-name '\u2588' cannot be represented in the current code page (1252)
c:\users\acer\desktop\dit1g9 dexter tan yi chyuan assignment\dit1g9 dexter tan yi chyuan assignment\dit1 g9 dexter tan yi chyuan assignment.c(1296): warning C4566: character represented by universal-character-name '\u258C' cannot be represented in the current code page (1252)
c:\users\acer\desktop\dit1g9 dexter tan yi chyuan assignment\dit1g9 dexter tan yi chyuan assignment\dit1 g9 dexter tan yi chyuan assignment.c(1296): warning C4566: character represented by universal-character-name '\u2580' cannot be represented in the current code page (1252)
c:\users\acer\desktop\dit1g9 dexter tan yi chyuan assignment\dit1g9 dexter tan yi chyuan assignment\dit1 g9 dexter tan yi chyuan assignment.c(1297): warning C4566: character represented by universal-character-name '\u2588' cannot be represented in the current code page (1252)
c:\users\acer\desktop\dit1g9 dexter tan yi chyuan assignment\dit1g9 dexter tan yi chyuan assignment\dit1 g9 dexter tan yi chyuan assignment.c(1297): warning C4566: character represented by universal-character-name '\u258C' cannot be represented in the current code page (1252)
c:\users\acer\desktop\dit1g9 dexter tan yi chyuan assignment\dit1g9 dexter tan yi chyuan assignment\dit1 g9 dexter tan yi chyuan assignment.c(1297): warning C4566: character represented by universal-character-name '\u2584' cannot be represented in the current code page (1252)
c:\users\acer\desktop\dit1g9 dexter tan yi chyuan assignment\dit1g9 dexter tan yi chyuan assignment\dit1 g9 dexter tan yi chyuan assignment.c(1297): warning C4566: character represented by universal-character-name '\u2580' cannot be represented in the current code page (1252)
c:\users\acer\desktop\dit1g9 dexter tan yi chyuan assignment\dit1g9 dexter tan yi chyuan assignment\dit1 g9 dexter tan yi chyuan assignment.c(1298): warning C4566: character represented by universal-character-name '\u2588' cannot be represented in the current code page (1252)
c:\users\acer\desktop\dit1g9 dexter tan yi chyuan assignment\dit1g9 dexter tan yi chyuan assignment\dit1 g9 dexter tan yi chyuan assignment.c(1298): warning C4566: character represented by universal-character-name '\u258C' cannot be represented in the current code page (1252)
c:\users\acer\desktop\dit1g9 dexter tan yi chyuan assignment\dit1g9 dexter tan yi chyuan assignment\dit1 g9 dexter tan yi chyuan assignment.c(1298): warning C4566: character represented by universal-character-name '\u2580' cannot be represented in the current code page (1252)
c:\users\acer\desktop\dit1g9 dexter tan yi chyuan assignment\dit1g9 dexter tan yi chyuan assignment\dit1 g9 dexter tan yi chyuan assignment.c(1299): warning C4566: character represented by universal-character-name '\u2588' cannot be represented in the current code page (1252)
c:\users\acer\desktop\dit1g9 dexter tan yi chyuan assignment\dit1g9 dexter tan yi chyuan assignment\dit1 g9 dexter tan yi chyuan assignment.c(1299): warning C4566: character represented by universal-character-name '\u2580' cannot be represented in the current code page (1252)
c:\users\acer\desktop\dit1g9 dexter tan yi chyuan assignment\dit1g9 dexter tan yi chyuan assignment\dit1 g9 dexter tan yi chyuan assignment.c(1300): warning C4566: character represented by universal-character-name '\u2588' cannot be represented in the current code page (1252)
c:\users\acer\desktop\dit1g9 dexter tan yi chyuan assignment\dit1g9 dexter tan yi chyuan assignment\dit1 g9 dexter tan yi chyuan assignment.c(1301): warning C4566: character represented by universal-character-name '\u2588' cannot be represented in the current code page (1252)
c:\users\acer\desktop\dit1g9 dexter tan yi chyuan assignment\dit1g9 dexter tan yi chyuan assignment\dit1 g9 dexter tan yi chyuan assignment.c(1301): warning C4566: character represented by universal-character-name '\u2580' cannot be represented in the current code page (1252)
c:\users\acer\desktop\dit1g9 dexter tan yi chyuan assignment\dit1g9 dexter tan yi chyuan assignment\dit1 g9 dexter tan yi chyuan assignment.c(1301): warning C4566: character represented by universal-character-name '\u2584' cannot be represented in the current code page (1252)
c:\users\acer\desktop\dit1g9 dexter tan yi chyuan assignment\dit1g9 dexter tan yi chyuan assignment\dit1 g9 dexter tan yi chyuan assignment.c(1302): warning C4566: character represented by universal-character-name '\u2588' cannot be represented in the current code page (1252)
c:\users\acer\desktop\dit1g9 dexter tan yi chyuan assignment\dit1g9 dexter tan yi chyuan assignment\dit1 g9 dexter tan yi chyuan assignment.c(1317): warning C4101: 'selection': unreferenced local variable
c:\users\acer\desktop\dit1g9 dexter tan yi chyuan assignment\dit1g9 dexter tan yi chyuan assignment\dit1 g9 dexter tan yi chyuan assignment.c(1372): warning C4566: character represented by universal-character-name '\u2584' cannot be represented in the current code page (1252)
c:\users\acer\desktop\dit1g9 dexter tan yi chyuan assignment\dit1g9 dexter tan yi chyuan assignment\dit1 g9 dexter tan yi chyuan assignment.c(1372): warning C4566: character represented by universal-character-name '\u2588' cannot be represented in the current code page (1252)
c:\users\acer\desktop\dit1g9 dexter tan yi chyuan assignment\dit1g9 dexter tan yi chyuan assignment\dit1 g9 dexter tan yi chyuan assignment.c(1373): warning C4566: character represented by universal-character-name '\u2588' cannot be represented in the current code page (1252)
c:\users\acer\desktop\dit1g9 dexter tan yi chyuan assignment\dit1g9 dexter tan yi chyuan assignment\dit1 g9 dexter tan yi chyuan assignment.c(1373): warning C4566: character represented by universal-character-name '\u2580' cannot be represented in the current code page (1252)
c:\users\acer\desktop\dit1g9 dexter tan yi chyuan assignment\dit1g9 dexter tan yi chyuan assignment\dit1 g9 dexter tan yi chyuan assignment.c(1373): warning C4566: character represented by universal-character-name '\u2584' cannot be represented in the current code page (1252)
c:\users\acer\desktop\dit1g9 dexter tan yi chyuan assignment\dit1g9 dexter tan yi chyuan assignment\dit1 g9 dexter tan yi chyuan assignment.c(1374): warning C4566: character represented by universal-character-name '\u2588' cannot be represented in the current code page (1252)
c:\users\acer\desktop\dit1g9 dexter tan yi chyuan assignment\dit1g9 dexter tan yi chyuan assignment\dit1 g9 dexter tan yi chyuan assignment.c(1374): warning C4566: character represented by universal-character-name '\u2580' cannot be represented in the current code page (1252)
c:\users\acer\desktop\dit1g9 dexter tan yi chyuan assignment\dit1g9 dexter tan yi chyuan assignment\dit1 g9 dexter tan yi chyuan assignment.c(1375): warning C4566: character represented by universal-character-name '\u2588' cannot be represented in the current code page (1252)
c:\users\acer\desktop\dit1g9 dexter tan yi chyuan assignment\dit1g9 dexter tan yi chyuan assignment\dit1 g9 dexter tan yi chyuan assignment.c(1375): warning C4566: character represented by universal-character-name '\u2580' cannot be represented in the current code page (1252)
c:\users\acer\desktop\dit1g9 dexter tan yi chyuan assignment\dit1g9 dexter tan yi chyuan assignment\dit1 g9 dexter tan yi chyuan assignment.c(1375): warning C4566: character represented by universal-character-name '\u2584' cannot be represented in the current code page (1252)
c:\users\acer\desktop\dit1g9 dexter tan yi chyuan assignment\dit1g9 dexter tan yi chyuan assignment\dit1 g9 dexter tan yi chyuan assignment.c(1376): warning C4566: character represented by universal-character-name '\u2580' cannot be represented in the current code page (1252)
c:\users\acer\desktop\dit1g9 dexter tan yi chyuan assignment\dit1g9 dexter tan yi chyuan assignment\dit1 g9 dexter tan yi chyuan assignment.c(1376): warning C4566: character represented by universal-character-name '\u2588' cannot be represented in the current code page (1252)
c:\users\acer\desktop\dit1g9 dexter tan yi chyuan assignment\dit1g9 dexter tan yi chyuan assignment\dit1 g9 dexter tan yi chyuan assignment.c(1377): warning C4566: character represented by universal-character-name '\u2588' cannot be represented in the current code page (1252)
c:\users\acer\desktop\dit1g9 dexter tan yi chyuan assignment\dit1g9 dexter tan yi chyuan assignment\dit1 g9 dexter tan yi chyuan assignment.c(1378): warning C4566: character represented by universal-character-name '\u2584' cannot be represented in the current code page (1252)
c:\users\acer\desktop\dit1g9 dexter tan yi chyuan assignment\dit1g9 dexter tan yi chyuan assignment\dit1 g9 dexter tan yi chyuan assignment.c(1378): warning C4566: character represented by universal-character-name '\u2588' cannot be represented in the current code page (1252)
c:\users\acer\desktop\dit1g9 dexter tan yi chyuan assignment\dit1g9 dexter tan yi chyuan assignment\dit1 g9 dexter tan yi chyuan assignment.c(1379): warning C4566: character represented by universal-character-name '\u2584' cannot be represented in the current code page (1252)
c:\users\acer\desktop\dit1g9 dexter tan yi chyuan assignment\dit1g9 dexter tan yi chyuan assignment\dit1 g9 dexter tan yi chyuan assignment.c(1379): warning C4566: character represented by universal-character-name '\u2588' cannot be represented in the current code page (1252)
c:\users\acer\desktop\dit1g9 dexter tan yi chyuan assignment\dit1g9 dexter tan yi chyuan assignment\dit1 g9 dexter tan yi chyuan assignment.c(1379): warning C4566: character represented by universal-character-name '\u2580' cannot be represented in the current code page (1252)
c:\users\acer\desktop\dit1g9 dexter tan yi chyuan assignment\dit1g9 dexter tan yi chyuan assignment\dit1 g9 dexter tan yi chyuan assignment.c(1381): warning C4566: character represented by universal-character-name '\u2584' cannot be represented in the current code page (1252)
c:\users\acer\desktop\dit1g9 dexter tan yi chyuan assignment\dit1g9 dexter tan yi chyuan assignment\dit1 g9 dexter tan yi chyuan assignment.c(1381): warning C4566: character represented by universal-character-name '\u2588' cannot be represented in the current code page (1252)
c:\users\acer\desktop\dit1g9 dexter tan yi chyuan assignment\dit1g9 dexter tan yi chyuan assignment\dit1 g9 dexter tan yi chyuan assignment.c(1382): warning C4566: character represented by universal-character-name '\u2588' cannot be represented in the current code page (1252)
c:\users\acer\desktop\dit1g9 dexter tan yi chyuan assignment\dit1g9 dexter tan yi chyuan assignment\dit1 g9 dexter tan yi chyuan assignment.c(1382): warning C4566: character represented by universal-character-name '\u2580' cannot be represented in the current code page (1252)
c:\users\acer\desktop\dit1g9 dexter tan yi chyuan assignment\dit1g9 dexter tan yi chyuan assignment\dit1 g9 dexter tan yi chyuan assignment.c(1382): warning C4566: character represented by universal-character-name '\u2584' cannot be represented in the current code page (1252)
c:\users\acer\desktop\dit1g9 dexter tan yi chyuan assignment\dit1g9 dexter tan yi chyuan assignment\dit1 g9 dexter tan yi chyuan assignment.c(1383): warning C4566: character represented by universal-character-name '\u2588' cannot be represented in the current code page (1252)
c:\users\acer\desktop\dit1g9 dexter tan yi chyuan assignment\dit1g9 dexter tan yi chyuan assignment\dit1 g9 dexter tan yi chyuan assignment.c(1383): warning C4566: character represented by universal-character-name '\u258C' cannot be represented in the current code page (1252)
c:\users\acer\desktop\dit1g9 dexter tan yi chyuan assignment\dit1g9 dexter tan yi chyuan assignment\dit1 g9 dexter tan yi chyuan assignment.c(1383): warning C4566: character represented by universal-character-name '\u2580' cannot be represented in the current code page (1252)
c:\users\acer\desktop\dit1g9 dexter tan yi chyuan assignment\dit1g9 dexter tan yi chyuan assignment\dit1 g9 dexter tan yi chyuan assignment.c(1384): warning C4566: character represented by universal-character-name '\u2588' cannot be represented in the current code page (1252)
c:\users\acer\desktop\dit1g9 dexter tan yi chyuan assignment\dit1g9 dexter tan yi chyuan assignment\dit1 g9 dexter tan yi chyuan assignment.c(1384): warning C4566: character represented by universal-character-name '\u258C' cannot be represented in the current code page (1252)
c:\users\acer\desktop\dit1g9 dexter tan yi chyuan assignment\dit1g9 dexter tan yi chyuan assignment\dit1 g9 dexter tan yi chyuan assignment.c(1384): warning C4566: character represented by universal-character-name '\u2584' cannot be represented in the current code page (1252)
c:\users\acer\desktop\dit1g9 dexter tan yi chyuan assignment\dit1g9 dexter tan yi chyuan assignment\dit1 g9 dexter tan yi chyuan assignment.c(1384): warning C4566: character represented by universal-character-name '\u2580' cannot be represented in the current code page (1252)
c:\users\acer\desktop\dit1g9 dexter tan yi chyuan assignment\dit1g9 dexter tan yi chyuan assignment\dit1 g9 dexter tan yi chyuan assignment.c(1385): warning C4566: character represented by universal-character-name '\u2588' cannot be represented in the current code page (1252)
c:\users\acer\desktop\dit1g9 dexter tan yi chyuan assignment\dit1g9 dexter tan yi chyuan assignment\dit1 g9 dexter tan yi chyuan assignment.c(1385): warning C4566: character represented by universal-character-name '\u258C' cannot be represented in the current code page (1252)
c:\users\acer\desktop\dit1g9 dexter tan yi chyuan assignment\dit1g9 dexter tan yi chyuan assignment\dit1 g9 dexter tan yi chyuan assignment.c(1385): warning C4566: character represented by universal-character-name '\u2580' cannot be represented in the current code page (1252)
c:\users\acer\desktop\dit1g9 dexter tan yi chyuan assignment\dit1g9 dexter tan yi chyuan assignment\dit1 g9 dexter tan yi chyuan assignment.c(1386): warning C4566: character represented by universal-character-name '\u2588' cannot be represented in the current code page (1252)
c:\users\acer\desktop\dit1g9 dexter tan yi chyuan assignment\dit1g9 dexter tan yi chyuan assignment\dit1 g9 dexter tan yi chyuan assignment.c(1386): warning C4566: character represented by universal-character-name '\u2580' cannot be represented in the current code page (1252)
c:\users\acer\desktop\dit1g9 dexter tan yi chyuan assignment\dit1g9 dexter tan yi chyuan assignment\dit1 g9 dexter tan yi chyuan assignment.c(1387): warning C4566: character represented by universal-character-name '\u2588' cannot be represented in the current code page (1252)
c:\users\acer\desktop\dit1g9 dexter tan yi chyuan assignment\dit1g9 dexter tan yi chyuan assignment\dit1 g9 dexter tan yi chyuan assignment.c(1388): warning C4566: character represented by universal-character-name '\u2588' cannot be represented in the current code page (1252)
c:\users\acer\desktop\dit1g9 dexter tan yi chyuan assignment\dit1g9 dexter tan yi chyuan assignment\dit1 g9 dexter tan yi chyuan assignment.c(1388): warning C4566: character represented by universal-character-name '\u2580' cannot be represented in the current code page (1252)
c:\users\acer\desktop\dit1g9 dexter tan yi chyuan assignment\dit1g9 dexter tan yi chyuan assignment\dit1 g9 dexter tan yi chyuan assignment.c(1388): warning C4566: character represented by universal-character-name '\u2584' cannot be represented in the current code page (1252)
c:\users\acer\desktop\dit1g9 dexter tan yi chyuan assignment\dit1g9 dexter tan yi chyuan assignment\dit1 g9 dexter tan yi chyuan assignment.c(1389): warning C4566: character represented by universal-character-name '\u2588' cannot be represented in the current code page (1252)
c:\users\acer\desktop\dit1g9 dexter tan yi chyuan assignment\dit1g9 dexter tan yi chyuan assignment\dit1 g9 dexter tan yi chyuan assignment.c(1390): warning C4566: character represented by universal-character-name '\u2584' cannot be represented in the current code page (1252)
c:\users\acer\desktop\dit1g9 dexter tan yi chyuan assignment\dit1g9 dexter tan yi chyuan assignment\dit1 g9 dexter tan yi chyuan assignment.c(1390): warning C4566: character represented by universal-character-name '\u2588' cannot be represented in the current code page (1252)
c:\users\acer\desktop\dit1g9 dexter tan yi chyuan assignment\dit1g9 dexter tan yi chyuan assignment\dit1 g9 dexter tan yi chyuan assignment.c(1391): warning C4566: character represented by universal-character-name '\u2584' cannot be represented in the current code page (1252)
c:\users\acer\desktop\dit1g9 dexter tan yi chyuan assignment\dit1g9 dexter tan yi chyuan assignment\dit1 g9 dexter tan yi chyuan assignment.c(1391): warning C4566: character represented by universal-character-name '\u2588' cannot be represented in the current code page (1252)
c:\users\acer\desktop\dit1g9 dexter tan yi chyuan assignment\dit1g9 dexter tan yi chyuan assignment\dit1 g9 dexter tan yi chyuan assignment.c(1391): warning C4566: character represented by universal-character-name '\u2580' cannot be represented in the current code page (1252)
c:\users\acer\desktop\dit1g9 dexter tan yi chyuan assignment\dit1g9 dexter tan yi chyuan assignment\dit1 g9 dexter tan yi chyuan assignment.c(1392): warning C4566: character represented by universal-character-name '\u2588' cannot be represented in the current code page (1252)
c:\users\acer\desktop\dit1g9 dexter tan yi chyuan assignment\dit1g9 dexter tan yi chyuan assignment\dit1 g9 dexter tan yi chyuan assignment.c(1392): warning C4566: character represented by universal-character-name '\u2580' cannot be represented in the current code page (1252)
c:\users\acer\desktop\dit1g9 dexter tan yi chyuan assignment\dit1g9 dexter tan yi chyuan assignment\dit1 g9 dexter tan yi chyuan assignment.c(1393): warning C4566: character represented by universal-character-name '\u2588' cannot be represented in the current code page (1252)
c:\users\acer\desktop\dit1g9 dexter tan yi chyuan assignment\dit1g9 dexter tan yi chyuan assignment\dit1 g9 dexter tan yi chyuan assignment.c(1393): warning C4566: character represented by universal-character-name '\u2584' cannot be represented in the current code page (1252)
c:\users\acer\desktop\dit1g9 dexter tan yi chyuan assignment\dit1g9 dexter tan yi chyuan assignment\dit1 g9 dexter tan yi chyuan assignment.c(1394): warning C4566: character represented by universal-character-name '\u2588' cannot be represented in the current code page (1252)
c:\users\acer\desktop\dit1g9 dexter tan yi chyuan assignment\dit1g9 dexter tan yi chyuan assignment\dit1 g9 dexter tan yi chyuan assignment.c(1394): warning C4566: character represented by universal-character-name '\u2580' cannot be represented in the current code page (1252)
c:\users\acer\desktop\dit1g9 dexter tan yi chyuan assignment\dit1g9 dexter tan yi chyuan assignment\dit1 g9 dexter tan yi chyuan assignment.c(1395): warning C4566: character represented by universal-character-name '\u2588' cannot be represented in the current code page (1252)
c:\users\acer\desktop\dit1g9 dexter tan yi chyuan assignment\dit1g9 dexter tan yi chyuan assignment\dit1 g9 dexter tan yi chyuan assignment.c(1395): warning C4566: character represented by universal-character-name '\u2584' cannot be represented in the current code page (1252)
c:\users\acer\desktop\dit1g9 dexter tan yi chyuan assignment\dit1g9 dexter tan yi chyuan assignment\dit1 g9 dexter tan yi chyuan assignment.c(1396): warning C4566: character represented by universal-character-name '\u2588' cannot be represented in the current code page (1252)
c:\users\acer\desktop\dit1g9 dexter tan yi chyuan assignment\dit1g9 dexter tan yi chyuan assignment\dit1 g9 dexter tan yi chyuan assignment.c(1397): warning C4566: character represented by universal-character-name '\u2580' cannot be represented in the current code page (1252)
c:\users\acer\desktop\dit1g9 dexter tan yi chyuan assignment\dit1g9 dexter tan yi chyuan assignment\dit1 g9 dexter tan yi chyuan assignment.c(1397): warning C4566: character represented by universal-character-name '\u2588' cannot be represented in the current code page (1252)
c:\users\acer\desktop\dit1g9 dexter tan yi chyuan assignment\dit1g9 dexter tan yi chyuan assignment\dit1 g9 dexter tan yi chyuan assignment.c(1432): warning C4566: character represented by universal-character-name '\u2584' cannot be represented in the current code page (1252)
c:\users\acer\desktop\dit1g9 dexter tan yi chyuan assignment\dit1g9 dexter tan yi chyuan assignment\dit1 g9 dexter tan yi chyuan assignment.c(1432): warning C4566: character represented by universal-character-name '\u2588' cannot be represented in the current code page (1252)
c:\users\acer\desktop\dit1g9 dexter tan yi chyuan assignment\dit1g9 dexter tan yi chyuan assignment\dit1 g9 dexter tan yi chyuan assignment.c(1433): warning C4566: character represented by universal-character-name '\u2588' cannot be represented in the current code page (1252)
c:\users\acer\desktop\dit1g9 dexter tan yi chyuan assignment\dit1g9 dexter tan yi chyuan assignment\dit1 g9 dexter tan yi chyuan assignment.c(1433): warning C4566: character represented by universal-character-name '\u2580' cannot be represented in the current code page (1252)
c:\users\acer\desktop\dit1g9 dexter tan yi chyuan assignment\dit1g9 dexter tan yi chyuan assignment\dit1 g9 dexter tan yi chyuan assignment.c(1433): warning C4566: character represented by universal-character-name '\u2584' cannot be represented in the current code page (1252)
c:\users\acer\desktop\dit1g9 dexter tan yi chyuan assignment\dit1g9 dexter tan yi chyuan assignment\dit1 g9 dexter tan yi chyuan assignment.c(1434): warning C4566: character represented by universal-character-name '\u2588' cannot be represented in the current code page (1252)
c:\users\acer\desktop\dit1g9 dexter tan yi chyuan assignment\dit1g9 dexter tan yi chyuan assignment\dit1 g9 dexter tan yi chyuan assignment.c(1434): warning C4566: character represented by universal-character-name '\u2580' cannot be represented in the current code page (1252)
c:\users\acer\desktop\dit1g9 dexter tan yi chyuan assignment\dit1g9 dexter tan yi chyuan assignment\dit1 g9 dexter tan yi chyuan assignment.c(1435): warning C4566: character represented by universal-character-name '\u2588' cannot be represented in the current code page (1252)
c:\users\acer\desktop\dit1g9 dexter tan yi chyuan assignment\dit1g9 dexter tan yi chyuan assignment\dit1 g9 dexter tan yi chyuan assignment.c(1435): warning C4566: character represented by universal-character-name '\u2580' cannot be represented in the current code page (1252)
c:\users\acer\desktop\dit1g9 dexter tan yi chyuan assignment\dit1g9 dexter tan yi chyuan assignment\dit1 g9 dexter tan yi chyuan assignment.c(1435): warning C4566: character represented by universal-character-name '\u2584' cannot be represented in the current code page (1252)
c:\users\acer\desktop\dit1g9 dexter tan yi chyuan assignment\dit1g9 dexter tan yi chyuan assignment\dit1 g9 dexter tan yi chyuan assignment.c(1436): warning C4566: character represented by universal-character-name '\u2580' cannot be represented in the current code page (1252)
c:\users\acer\desktop\dit1g9 dexter tan yi chyuan assignment\dit1g9 dexter tan yi chyuan assignment\dit1 g9 dexter tan yi chyuan assignment.c(1436): warning C4566: character represented by universal-character-name '\u2588' cannot be represented in the current code page (1252)
c:\users\acer\desktop\dit1g9 dexter tan yi chyuan assignment\dit1g9 dexter tan yi chyuan assignment\dit1 g9 dexter tan yi chyuan assignment.c(1437): warning C4566: character represented by universal-character-name '\u2588' cannot be represented in the current code page (1252)
c:\users\acer\desktop\dit1g9 dexter tan yi chyuan assignment\dit1g9 dexter tan yi chyuan assignment\dit1 g9 dexter tan yi chyuan assignment.c(1438): warning C4566: character represented by universal-character-name '\u2584' cannot be represented in the current code page (1252)
c:\users\acer\desktop\dit1g9 dexter tan yi chyuan assignment\dit1g9 dexter tan yi chyuan assignment\dit1 g9 dexter tan yi chyuan assignment.c(1438): warning C4566: character represented by universal-character-name '\u2588' cannot be represented in the current code page (1252)
c:\users\acer\desktop\dit1g9 dexter tan yi chyuan assignment\dit1g9 dexter tan yi chyuan assignment\dit1 g9 dexter tan yi chyuan assignment.c(1439): warning C4566: character represented by universal-character-name '\u2584' cannot be represented in the current code page (1252)
c:\users\acer\desktop\dit1g9 dexter tan yi chyuan assignment\dit1g9 dexter tan yi chyuan assignment\dit1 g9 dexter tan yi chyuan assignment.c(1439): warning C4566: character represented by universal-character-name '\u2588' cannot be represented in the current code page (1252)
c:\users\acer\desktop\dit1g9 dexter tan yi chyuan assignment\dit1g9 dexter tan yi chyuan assignment\dit1 g9 dexter tan yi chyuan assignment.c(1439): warning C4566: character represented by universal-character-name '\u2580' cannot be represented in the current code page (1252)
c:\users\acer\desktop\dit1g9 dexter tan yi chyuan assignment\dit1g9 dexter tan yi chyuan assignment\dit1 g9 dexter tan yi chyuan assignment.c(1441): warning C4566: character represented by universal-character-name '\u2584' cannot be represented in the current code page (1252)
c:\users\acer\desktop\dit1g9 dexter tan yi chyuan assignment\dit1g9 dexter tan yi chyuan assignment\dit1 g9 dexter tan yi chyuan assignment.c(1441): warning C4566: character represented by universal-character-name '\u2588' cannot be represented in the current code page (1252)
c:\users\acer\desktop\dit1g9 dexter tan yi chyuan assignment\dit1g9 dexter tan yi chyuan assignment\dit1 g9 dexter tan yi chyuan assignment.c(1442): warning C4566: character represented by universal-character-name '\u2588' cannot be represented in the current code page (1252)
c:\users\acer\desktop\dit1g9 dexter tan yi chyuan assignment\dit1g9 dexter tan yi chyuan assignment\dit1 g9 dexter tan yi chyuan assignment.c(1442): warning C4566: character represented by universal-character-name '\u2580' cannot be represented in the current code page (1252)
c:\users\acer\desktop\dit1g9 dexter tan yi chyuan assignment\dit1g9 dexter tan yi chyuan assignment\dit1 g9 dexter tan yi chyuan assignment.c(1442): warning C4566: character represented by universal-character-name '\u2584' cannot be represented in the current code page (1252)
c:\users\acer\desktop\dit1g9 dexter tan yi chyuan assignment\dit1g9 dexter tan yi chyuan assignment\dit1 g9 dexter tan yi chyuan assignment.c(1443): warning C4566: character represented by universal-character-name '\u2588' cannot be represented in the current code page (1252)
c:\users\acer\desktop\dit1g9 dexter tan yi chyuan assignment\dit1g9 dexter tan yi chyuan assignment\dit1 g9 dexter tan yi chyuan assignment.c(1443): warning C4566: character represented by universal-character-name '\u258C' cannot be represented in the current code page (1252)
c:\users\acer\desktop\dit1g9 dexter tan yi chyuan assignment\dit1g9 dexter tan yi chyuan assignment\dit1 g9 dexter tan yi chyuan assignment.c(1443): warning C4566: character represented by universal-character-name '\u2580' cannot be represented in the current code page (1252)
c:\users\acer\desktop\dit1g9 dexter tan yi chyuan assignment\dit1g9 dexter tan yi chyuan assignment\dit1 g9 dexter tan yi chyuan assignment.c(1444): warning C4566: character represented by universal-character-name '\u2588' cannot be represented in the current code page (1252)
c:\users\acer\desktop\dit1g9 dexter tan yi chyuan assignment\dit1g9 dexter tan yi chyuan assignment\dit1 g9 dexter tan yi chyuan assignment.c(1444): warning C4566: character represented by universal-character-name '\u258C' cannot be represented in the current code page (1252)
c:\users\acer\desktop\dit1g9 dexter tan yi chyuan assignment\dit1g9 dexter tan yi chyuan assignment\dit1 g9 dexter tan yi chyuan assignment.c(1444): warning C4566: character represented by universal-character-name '\u2584' cannot be represented in the current code page (1252)
c:\users\acer\desktop\dit1g9 dexter tan yi chyuan assignment\dit1g9 dexter tan yi chyuan assignment\dit1 g9 dexter tan yi chyuan assignment.c(1444): warning C4566: character represented by universal-character-name '\u2580' cannot be represented in the current code page (1252)
c:\users\acer\desktop\dit1g9 dexter tan yi chyuan assignment\dit1g9 dexter tan yi chyuan assignment\dit1 g9 dexter tan yi chyuan assignment.c(1445): warning C4566: character represented by universal-character-name '\u2588' cannot be represented in the current code page (1252)
c:\users\acer\desktop\dit1g9 dexter tan yi chyuan assignment\dit1g9 dexter tan yi chyuan assignment\dit1 g9 dexter tan yi chyuan assignment.c(1445): warning C4566: character represented by universal-character-name '\u258C' cannot be represented in the current code page (1252)
c:\users\acer\desktop\dit1g9 dexter tan yi chyuan assignment\dit1g9 dexter tan yi chyuan assignment\dit1 g9 dexter tan yi chyuan assignment.c(1445): warning C4566: character represented by universal-character-name '\u2580' cannot be represented in the current code page (1252)
c:\users\acer\desktop\dit1g9 dexter tan yi chyuan assignment\dit1g9 dexter tan yi chyuan assignment\dit1 g9 dexter tan yi chyuan assignment.c(1446): warning C4566: character represented by universal-character-name '\u2588' cannot be represented in the current code page (1252)
c:\users\acer\desktop\dit1g9 dexter tan yi chyuan assignment\dit1g9 dexter tan yi chyuan assignment\dit1 g9 dexter tan yi chyuan assignment.c(1446): warning C4566: character represented by universal-character-name '\u2580' cannot be represented in the current code page (1252)
c:\users\acer\desktop\dit1g9 dexter tan yi chyuan assignment\dit1g9 dexter tan yi chyuan assignment\dit1 g9 dexter tan yi chyuan assignment.c(1447): warning C4566: character represented by universal-character-name '\u2588' cannot be represented in the current code page (1252)
c:\users\acer\desktop\dit1g9 dexter tan yi chyuan assignment\dit1g9 dexter tan yi chyuan assignment\dit1 g9 dexter tan yi chyuan assignment.c(1448): warning C4566: character represented by universal-character-name '\u2588' cannot be represented in the current code page (1252)
c:\users\acer\desktop\dit1g9 dexter tan yi chyuan assignment\dit1g9 dexter tan yi chyuan assignment\dit1 g9 dexter tan yi chyuan assignment.c(1448): warning C4566: character represented by universal-character-name '\u2580' cannot be represented in the current code page (1252)
c:\users\acer\desktop\dit1g9 dexter tan yi chyuan assignment\dit1g9 dexter tan yi chyuan assignment\dit1 g9 dexter tan yi chyuan assignment.c(1448): warning C4566: character represented by universal-character-name '\u2584' cannot be represented in the current code page (1252)
c:\users\acer\desktop\dit1g9 dexter tan yi chyuan assignment\dit1g9 dexter tan yi chyuan assignment\dit1 g9 dexter tan yi chyuan assignment.c(1449): warning C4566: character represented by universal-character-name '\u2588' cannot be represented in the current code page (1252)
c:\users\acer\desktop\dit1g9 dexter tan yi chyuan assignment\dit1g9 dexter tan yi chyuan assignment\dit1 g9 dexter tan yi chyuan assignment.c(1506): warning C4566: character represented by universal-character-name '\u2584' cannot be represented in the current code page (1252)
c:\users\acer\desktop\dit1g9 dexter tan yi chyuan assignment\dit1g9 dexter tan yi chyuan assignment\dit1 g9 dexter tan yi chyuan assignment.c(1506): warning C4566: character represented by universal-character-name '\u2588' cannot be represented in the current code page (1252)
c:\users\acer\desktop\dit1g9 dexter tan yi chyuan assignment\dit1g9 dexter tan yi chyuan assignment\dit1 g9 dexter tan yi chyuan assignment.c(1507): warning C4566: character represented by universal-character-name '\u2588' cannot be represented in the current code page (1252)
c:\users\acer\desktop\dit1g9 dexter tan yi chyuan assignment\dit1g9 dexter tan yi chyuan assignment\dit1 g9 dexter tan yi chyuan assignment.c(1507): warning C4566: character represented by universal-character-name '\u2580' cannot be represented in the current code page (1252)
c:\users\acer\desktop\dit1g9 dexter tan yi chyuan assignment\dit1g9 dexter tan yi chyuan assignment\dit1 g9 dexter tan yi chyuan assignment.c(1507): warning C4566: character represented by universal-character-name '\u2584' cannot be represented in the current code page (1252)
c:\users\acer\desktop\dit1g9 dexter tan yi chyuan assignment\dit1g9 dexter tan yi chyuan assignment\dit1 g9 dexter tan yi chyuan assignment.c(1508): warning C4566: character represented by universal-character-name '\u2588' cannot be represented in the current code page (1252)
c:\users\acer\desktop\dit1g9 dexter tan yi chyuan assignment\dit1g9 dexter tan yi chyuan assignment\dit1 g9 dexter tan yi chyuan assignment.c(1508): warning C4566: character represented by universal-character-name '\u2580' cannot be represented in the current code page (1252)
c:\users\acer\desktop\dit1g9 dexter tan yi chyuan assignment\dit1g9 dexter tan yi chyuan assignment\dit1 g9 dexter tan yi chyuan assignment.c(1509): warning C4566: character represented by universal-character-name '\u2588' cannot be represented in the current code page (1252)
c:\users\acer\desktop\dit1g9 dexter tan yi chyuan assignment\dit1g9 dexter tan yi chyuan assignment\dit1 g9 dexter tan yi chyuan assignment.c(1509): warning C4566: character represented by universal-character-name '\u2580' cannot be represented in the current code page (1252)
c:\users\acer\desktop\dit1g9 dexter tan yi chyuan assignment\dit1g9 dexter tan yi chyuan assignment\dit1 g9 dexter tan yi chyuan assignment.c(1509): warning C4566: character represented by universal-character-name '\u2584' cannot be represented in the current code page (1252)
c:\users\acer\desktop\dit1g9 dexter tan yi chyuan assignment\dit1g9 dexter tan yi chyuan assignment\dit1 g9 dexter tan yi chyuan assignment.c(1510): warning C4566: character represented by universal-character-name '\u2580' cannot be represented in the current code page (1252)
c:\users\acer\desktop\dit1g9 dexter tan yi chyuan assignment\dit1g9 dexter tan yi chyuan assignment\dit1 g9 dexter tan yi chyuan assignment.c(1510): warning C4566: character represented by universal-character-name '\u2588' cannot be represented in the current code page (1252)
c:\users\acer\desktop\dit1g9 dexter tan yi chyuan assignment\dit1g9 dexter tan yi chyuan assignment\dit1 g9 dexter tan yi chyuan assignment.c(1511): warning C4566: character represented by universal-character-name '\u2588' cannot be represented in the current code page (1252)
c:\users\acer\desktop\dit1g9 dexter tan yi chyuan assignment\dit1g9 dexter tan yi chyuan assignment\dit1 g9 dexter tan yi chyuan assignment.c(1512): warning C4566: character represented by universal-character-name '\u2584' cannot be represented in the current code page (1252)
c:\users\acer\desktop\dit1g9 dexter tan yi chyuan assignment\dit1g9 dexter tan yi chyuan assignment\dit1 g9 dexter tan yi chyuan assignment.c(1512): warning C4566: character represented by universal-character-name '\u2588' cannot be represented in the current code page (1252)
c:\users\acer\desktop\dit1g9 dexter tan yi chyuan assignment\dit1g9 dexter tan yi chyuan assignment\dit1 g9 dexter tan yi chyuan assignment.c(1513): warning C4566: character represented by universal-character-name '\u2584' cannot be represented in the current code page (1252)
c:\users\acer\desktop\dit1g9 dexter tan yi chyuan assignment\dit1g9 dexter tan yi chyuan assignment\dit1 g9 dexter tan yi chyuan assignment.c(1513): warning C4566: character represented by universal-character-name '\u2588' cannot be represented in the current code page (1252)
c:\users\acer\desktop\dit1g9 dexter tan yi chyuan assignment\dit1g9 dexter tan yi chyuan assignment\dit1 g9 dexter tan yi chyuan assignment.c(1513): warning C4566: character represented by universal-character-name '\u2580' cannot be represented in the current code page (1252)
c:\users\acer\desktop\dit1g9 dexter tan yi chyuan assignment\dit1g9 dexter tan yi chyuan assignment\dit1 g9 dexter tan yi chyuan assignment.c(1515): warning C4566: character represented by universal-character-name '\u2584' cannot be represented in the current code page (1252)
c:\users\acer\desktop\dit1g9 dexter tan yi chyuan assignment\dit1g9 dexter tan yi chyuan assignment\dit1 g9 dexter tan yi chyuan assignment.c(1515): warning C4566: character represented by universal-character-name '\u2588' cannot be represented in the current code page (1252)
c:\users\acer\desktop\dit1g9 dexter tan yi chyuan assignment\dit1g9 dexter tan yi chyuan assignment\dit1 g9 dexter tan yi chyuan assignment.c(1516): warning C4566: character represented by universal-character-name '\u2588' cannot be represented in the current code page (1252)
c:\users\acer\desktop\dit1g9 dexter tan yi chyuan assignment\dit1g9 dexter tan yi chyuan assignment\dit1 g9 dexter tan yi chyuan assignment.c(1516): warning C4566: character represented by universal-character-name '\u2580' cannot be represented in the current code page (1252)
c:\users\acer\desktop\dit1g9 dexter tan yi chyuan assignment\dit1g9 dexter tan yi chyuan assignment\dit1 g9 dexter tan yi chyuan assignment.c(1516): warning C4566: character represented by universal-character-name '\u2584' cannot be represented in the current code page (1252)
c:\users\acer\desktop\dit1g9 dexter tan yi chyuan assignment\dit1g9 dexter tan yi chyuan assignment\dit1 g9 dexter tan yi chyuan assignment.c(1517): warning C4566: character represented by universal-character-name '\u2588' cannot be represented in the current code page (1252)
c:\users\acer\desktop\dit1g9 dexter tan yi chyuan assignment\dit1g9 dexter tan yi chyuan assignment\dit1 g9 dexter tan yi chyuan assignment.c(1517): warning C4566: character represented by universal-character-name '\u258C' cannot be represented in the current code page (1252)
c:\users\acer\desktop\dit1g9 dexter tan yi chyuan assignment\dit1g9 dexter tan yi chyuan assignment\dit1 g9 dexter tan yi chyuan assignment.c(1517): warning C4566: character represented by universal-character-name '\u2580' cannot be represented in the current code page (1252)
c:\users\acer\desktop\dit1g9 dexter tan yi chyuan assignment\dit1g9 dexter tan yi chyuan assignment\dit1 g9 dexter tan yi chyuan assignment.c(1518): warning C4566: character represented by universal-character-name '\u2588' cannot be represented in the current code page (1252)
c:\users\acer\desktop\dit1g9 dexter tan yi chyuan assignment\dit1g9 dexter tan yi chyuan assignment\dit1 g9 dexter tan yi chyuan assignment.c(1518): warning C4566: character represented by universal-character-name '\u258C' cannot be represented in the current code page (1252)
c:\users\acer\desktop\dit1g9 dexter tan yi chyuan assignment\dit1g9 dexter tan yi chyuan assignment\dit1 g9 dexter tan yi chyuan assignment.c(1518): warning C4566: character represented by universal-character-name '\u2584' cannot be represented in the current code page (1252)
c:\users\acer\desktop\dit1g9 dexter tan yi chyuan assignment\dit1g9 dexter tan yi chyuan assignment\dit1 g9 dexter tan yi chyuan assignment.c(1518): warning C4566: character represented by universal-character-name '\u2580' cannot be represented in the current code page (1252)
c:\users\acer\desktop\dit1g9 dexter tan yi chyuan assignment\dit1g9 dexter tan yi chyuan assignment\dit1 g9 dexter tan yi chyuan assignment.c(1519): warning C4566: character represented by universal-character-name '\u2588' cannot be represented in the current code page (1252)
c:\users\acer\desktop\dit1g9 dexter tan yi chyuan assignment\dit1g9 dexter tan yi chyuan assignment\dit1 g9 dexter tan yi chyuan assignment.c(1519): warning C4566: character represented by universal-character-name '\u258C' cannot be represented in the current code page (1252)
c:\users\acer\desktop\dit1g9 dexter tan yi chyuan assignment\dit1g9 dexter tan yi chyuan assignment\dit1 g9 dexter tan yi chyuan assignment.c(1519): warning C4566: character represented by universal-character-name '\u2580' cannot be represented in the current code page (1252)
c:\users\acer\desktop\dit1g9 dexter tan yi chyuan assignment\dit1g9 dexter tan yi chyuan assignment\dit1 g9 dexter tan yi chyuan assignment.c(1520): warning C4566: character represented by universal-character-name '\u2588' cannot be represented in the current code page (1252)
c:\users\acer\desktop\dit1g9 dexter tan yi chyuan assignment\dit1g9 dexter tan yi chyuan assignment\dit1 g9 dexter tan yi chyuan assignment.c(1520): warning C4566: character represented by universal-character-name '\u2580' cannot be represented in the current code page (1252)
c:\users\acer\desktop\dit1g9 dexter tan yi chyuan assignment\dit1g9 dexter tan yi chyuan assignment\dit1 g9 dexter tan yi chyuan assignment.c(1521): warning C4566: character represented by universal-character-name '\u2588' cannot be represented in the current code page (1252)
c:\users\acer\desktop\dit1g9 dexter tan yi chyuan assignment\dit1g9 dexter tan yi chyuan assignment\dit1 g9 dexter tan yi chyuan assignment.c(1522): warning C4566: character represented by universal-character-name '\u2588' cannot be represented in the current code page (1252)
c:\users\acer\desktop\dit1g9 dexter tan yi chyuan assignment\dit1g9 dexter tan yi chyuan assignment\dit1 g9 dexter tan yi chyuan assignment.c(1522): warning C4566: character represented by universal-character-name '\u2580' cannot be represented in the current code page (1252)
c:\users\acer\desktop\dit1g9 dexter tan yi chyuan assignment\dit1g9 dexter tan yi chyuan assignment\dit1 g9 dexter tan yi chyuan assignment.c(1522): warning C4566: character represented by universal-character-name '\u2584' cannot be represented in the current code page (1252)
c:\users\acer\desktop\dit1g9 dexter tan yi chyuan assignment\dit1g9 dexter tan yi chyuan assignment\dit1 g9 dexter tan yi chyuan assignment.c(1523): warning C4566: character represented by universal-character-name '\u2588' cannot be represented in the current code page (1252)
c:\users\acer\desktop\dit1g9 dexter tan yi chyuan assignment\dit1g9 dexter tan yi chyuan assignment\dit1 g9 dexter tan yi chyuan assignment.c(1580): warning C4047: 'function': 'char *' differs in levels of indirection from 'char'
c:\users\acer\desktop\dit1g9 dexter tan yi chyuan assignment\dit1g9 dexter tan yi chyuan assignment\dit1 g9 dexter tan yi chyuan assignment.c(1580): warning C4024: 'strcpy': different types for formal and actual parameter 1
c:\users\acer\desktop\dit1g9 dexter tan yi chyuan assignment\dit1g9 dexter tan yi chyuan assignment\dit1 g9 dexter tan yi chyuan assignment.c(1580): warning C4047: 'function': 'const char *' differs in levels of indirection from 'char'
c:\users\acer\desktop\dit1g9 dexter tan yi chyuan assignment\dit1g9 dexter tan yi chyuan assignment\dit1 g9 dexter tan yi chyuan assignment.c(1580): warning C4024: 'strcpy': different types for formal and actual parameter 2
c:\users\acer\desktop\dit1g9 dexter tan yi chyuan assignment\dit1g9 dexter tan yi chyuan assignment\dit1 g9 dexter tan yi chyuan assignment.c(1665): warning C4566: character represented by universal-character-name '\u2584' cannot be represented in the current code page (1252)
c:\users\acer\desktop\dit1g9 dexter tan yi chyuan assignment\dit1g9 dexter tan yi chyuan assignment\dit1 g9 dexter tan yi chyuan assignment.c(1665): warning C4566: character represented by universal-character-name '\u2588' cannot be represented in the current code page (1252)
c:\users\acer\desktop\dit1g9 dexter tan yi chyuan assignment\dit1g9 dexter tan yi chyuan assignment\dit1 g9 dexter tan yi chyuan assignment.c(1666): warning C4566: character represented by universal-character-name '\u2588' cannot be represented in the current code page (1252)
c:\users\acer\desktop\dit1g9 dexter tan yi chyuan assignment\dit1g9 dexter tan yi chyuan assignment\dit1 g9 dexter tan yi chyuan assignment.c(1666): warning C4566: character represented by universal-character-name '\u2580' cannot be represented in the current code page (1252)
c:\users\acer\desktop\dit1g9 dexter tan yi chyuan assignment\dit1g9 dexter tan yi chyuan assignment\dit1 g9 dexter tan yi chyuan assignment.c(1666): warning C4566: character represented by universal-character-name '\u2584' cannot be represented in the current code page (1252)
c:\users\acer\desktop\dit1g9 dexter tan yi chyuan assignment\dit1g9 dexter tan yi chyuan assignment\dit1 g9 dexter tan yi chyuan assignment.c(1667): warning C4566: character represented by universal-character-name '\u2588' cannot be represented in the current code page (1252)
c:\users\acer\desktop\dit1g9 dexter tan yi chyuan assignment\dit1g9 dexter tan yi chyuan assignment\dit1 g9 dexter tan yi chyuan assignment.c(1667): warning C4566: character represented by universal-character-name '\u2580' cannot be represented in the current code page (1252)
c:\users\acer\desktop\dit1g9 dexter tan yi chyuan assignment\dit1g9 dexter tan yi chyuan assignment\dit1 g9 dexter tan yi chyuan assignment.c(1668): warning C4566: character represented by universal-character-name '\u2588' cannot be represented in the current code page (1252)
c:\users\acer\desktop\dit1g9 dexter tan yi chyuan assignment\dit1g9 dexter tan yi chyuan assignment\dit1 g9 dexter tan yi chyuan assignment.c(1668): warning C4566: character represented by universal-character-name '\u2580' cannot be represented in the current code page (1252)
c:\users\acer\desktop\dit1g9 dexter tan yi chyuan assignment\dit1g9 dexter tan yi chyuan assignment\dit1 g9 dexter tan yi chyuan assignment.c(1668): warning C4566: character represented by universal-character-name '\u2584' cannot be represented in the current code page (1252)
c:\users\acer\desktop\dit1g9 dexter tan yi chyuan assignment\dit1g9 dexter tan yi chyuan assignment\dit1 g9 dexter tan yi chyuan assignment.c(1669): warning C4566: character represented by universal-character-name '\u2580' cannot be represented in the current code page (1252)
c:\users\acer\desktop\dit1g9 dexter tan yi chyuan assignment\dit1g9 dexter tan yi chyuan assignment\dit1 g9 dexter tan yi chyuan assignment.c(1669): warning C4566: character represented by universal-character-name '\u2588' cannot be represented in the current code page (1252)
c:\users\acer\desktop\dit1g9 dexter tan yi chyuan assignment\dit1g9 dexter tan yi chyuan assignment\dit1 g9 dexter tan yi chyuan assignment.c(1670): warning C4566: character represented by universal-character-name '\u2588' cannot be represented in the current code page (1252)
c:\users\acer\desktop\dit1g9 dexter tan yi chyuan assignment\dit1g9 dexter tan yi chyuan assignment\dit1 g9 dexter tan yi chyuan assignment.c(1671): warning C4566: character represented by universal-character-name '\u2584' cannot be represented in the current code page (1252)
c:\users\acer\desktop\dit1g9 dexter tan yi chyuan assignment\dit1g9 dexter tan yi chyuan assignment\dit1 g9 dexter tan yi chyuan assignment.c(1671): warning C4566: character represented by universal-character-name '\u2588' cannot be represented in the current code page (1252)
c:\users\acer\desktop\dit1g9 dexter tan yi chyuan assignment\dit1g9 dexter tan yi chyuan assignment\dit1 g9 dexter tan yi chyuan assignment.c(1672): warning C4566: character represented by universal-character-name '\u2584' cannot be represented in the current code page (1252)
c:\users\acer\desktop\dit1g9 dexter tan yi chyuan assignment\dit1g9 dexter tan yi chyuan assignment\dit1 g9 dexter tan yi chyuan assignment.c(1672): warning C4566: character represented by universal-character-name '\u2588' cannot be represented in the current code page (1252)
c:\users\acer\desktop\dit1g9 dexter tan yi chyuan assignment\dit1g9 dexter tan yi chyuan assignment\dit1 g9 dexter tan yi chyuan assignment.c(1672): warning C4566: character represented by universal-character-name '\u2580' cannot be represented in the current code page (1252)
c:\users\acer\desktop\dit1g9 dexter tan yi chyuan assignment\dit1g9 dexter tan yi chyuan assignment\dit1 g9 dexter tan yi chyuan assignment.c(1674): warning C4566: character represented by universal-character-name '\u2584' cannot be represented in the current code page (1252)
c:\users\acer\desktop\dit1g9 dexter tan yi chyuan assignment\dit1g9 dexter tan yi chyuan assignment\dit1 g9 dexter tan yi chyuan assignment.c(1674): warning C4566: character represented by universal-character-name '\u2588' cannot be represented in the current code page (1252)
c:\users\acer\desktop\dit1g9 dexter tan yi chyuan assignment\dit1g9 dexter tan yi chyuan assignment\dit1 g9 dexter tan yi chyuan assignment.c(1675): warning C4566: character represented by universal-character-name '\u2588' cannot be represented in the current code page (1252)
c:\users\acer\desktop\dit1g9 dexter tan yi chyuan assignment\dit1g9 dexter tan yi chyuan assignment\dit1 g9 dexter tan yi chyuan assignment.c(1675): warning C4566: character represented by universal-character-name '\u2580' cannot be represented in the current code page (1252)
c:\users\acer\desktop\dit1g9 dexter tan yi chyuan assignment\dit1g9 dexter tan yi chyuan assignment\dit1 g9 dexter tan yi chyuan assignment.c(1675): warning C4566: character represented by universal-character-name '\u2584' cannot be represented in the current code page (1252)
c:\users\acer\desktop\dit1g9 dexter tan yi chyuan assignment\dit1g9 dexter tan yi chyuan assignment\dit1 g9 dexter tan yi chyuan assignment.c(1676): warning C4566: character represented by universal-character-name '\u2588' cannot be represented in the current code page (1252)
c:\users\acer\desktop\dit1g9 dexter tan yi chyuan assignment\dit1g9 dexter tan yi chyuan assignment\dit1 g9 dexter tan yi chyuan assignment.c(1676): warning C4566: character represented by universal-character-name '\u258C' cannot be represented in the current code page (1252)
c:\users\acer\desktop\dit1g9 dexter tan yi chyuan assignment\dit1g9 dexter tan yi chyuan assignment\dit1 g9 dexter tan yi chyuan assignment.c(1676): warning C4566: character represented by universal-character-name '\u2580' cannot be represented in the current code page (1252)
c:\users\acer\desktop\dit1g9 dexter tan yi chyuan assignment\dit1g9 dexter tan yi chyuan assignment\dit1 g9 dexter tan yi chyuan assignment.c(1677): warning C4566: character represented by universal-character-name '\u2588' cannot be represented in the current code page (1252)
c:\users\acer\desktop\dit1g9 dexter tan yi chyuan assignment\dit1g9 dexter tan yi chyuan assignment\dit1 g9 dexter tan yi chyuan assignment.c(1677): warning C4566: character represented by universal-character-name '\u258C' cannot be represented in the current code page (1252)
c:\users\acer\desktop\dit1g9 dexter tan yi chyuan assignment\dit1g9 dexter tan yi chyuan assignment\dit1 g9 dexter tan yi chyuan assignment.c(1677): warning C4566: character represented by universal-character-name '\u2584' cannot be represented in the current code page (1252)
c:\users\acer\desktop\dit1g9 dexter tan yi chyuan assignment\dit1g9 dexter tan yi chyuan assignment\dit1 g9 dexter tan yi chyuan assignment.c(1677): warning C4566: character represented by universal-character-name '\u2580' cannot be represented in the current code page (1252)
c:\users\acer\desktop\dit1g9 dexter tan yi chyuan assignment\dit1g9 dexter tan yi chyuan assignment\dit1 g9 dexter tan yi chyuan assignment.c(1678): warning C4566: character represented by universal-character-name '\u2588' cannot be represented in the current code page (1252)
c:\users\acer\desktop\dit1g9 dexter tan yi chyuan assignment\dit1g9 dexter tan yi chyuan assignment\dit1 g9 dexter tan yi chyuan assignment.c(1678): warning C4566: character represented by universal-character-name '\u258C' cannot be represented in the current code page (1252)
c:\users\acer\desktop\dit1g9 dexter tan yi chyuan assignment\dit1g9 dexter tan yi chyuan assignment\dit1 g9 dexter tan yi chyuan assignment.c(1678): warning C4566: character represented by universal-character-name '\u2580' cannot be represented in the current code page (1252)
c:\users\acer\desktop\dit1g9 dexter tan yi chyuan assignment\dit1g9 dexter tan yi chyuan assignment\dit1 g9 dexter tan yi chyuan assignment.c(1679): warning C4566: character represented by universal-character-name '\u2588' cannot be represented in the current code page (1252)
c:\users\acer\desktop\dit1g9 dexter tan yi chyuan assignment\dit1g9 dexter tan yi chyuan assignment\dit1 g9 dexter tan yi chyuan assignment.c(1679): warning C4566: character represented by universal-character-name '\u2580' cannot be represented in the current code page (1252)
c:\users\acer\desktop\dit1g9 dexter tan yi chyuan assignment\dit1g9 dexter tan yi chyuan assignment\dit1 g9 dexter tan yi chyuan assignment.c(1680): warning C4566: character represented by universal-character-name '\u2588' cannot be represented in the current code page (1252)
c:\users\acer\desktop\dit1g9 dexter tan yi chyuan assignment\dit1g9 dexter tan yi chyuan assignment\dit1 g9 dexter tan yi chyuan assignment.c(1681): warning C4566: character represented by universal-character-name '\u2588' cannot be represented in the current code page (1252)
c:\users\acer\desktop\dit1g9 dexter tan yi chyuan assignment\dit1g9 dexter tan yi chyuan assignment\dit1 g9 dexter tan yi chyuan assignment.c(1681): warning C4566: character represented by universal-character-name '\u2580' cannot be represented in the current code page (1252)
c:\users\acer\desktop\dit1g9 dexter tan yi chyuan assignment\dit1g9 dexter tan yi chyuan assignment\dit1 g9 dexter tan yi chyuan assignment.c(1681): warning C4566: character represented by universal-character-name '\u2584' cannot be represented in the current code page (1252)
c:\users\acer\desktop\dit1g9 dexter tan yi chyuan assignment\dit1g9 dexter tan yi chyuan assignment\dit1 g9 dexter tan yi chyuan assignment.c(1682): warning C4566: character represented by universal-character-name '\u2588' cannot be represented in the current code page (1252)
c:\users\acer\desktop\dit1g9 dexter tan yi chyuan assignment\dit1g9 dexter tan yi chyuan assignment\dit1 g9 dexter tan yi chyuan assignment.c(1657): warning C4101: 'choice': unreferenced local variable
c:\users\acer\desktop\dit1g9 dexter tan yi chyuan assignment\dit1g9 dexter tan yi chyuan assignment\dit1 g9 dexter tan yi chyuan assignment.c(1800): warning C4566: character represented by universal-character-name '\u2584' cannot be represented in the current code page (1252)
c:\users\acer\desktop\dit1g9 dexter tan yi chyuan assignment\dit1g9 dexter tan yi chyuan assignment\dit1 g9 dexter tan yi chyuan assignment.c(1800): warning C4566: character represented by universal-character-name '\u2588' cannot be represented in the current code page (1252)
c:\users\acer\desktop\dit1g9 dexter tan yi chyuan assignment\dit1g9 dexter tan yi chyuan assignment\dit1 g9 dexter tan yi chyuan assignment.c(1801): warning C4566: character represented by universal-character-name '\u2584' cannot be represented in the current code page (1252)
c:\users\acer\desktop\dit1g9 dexter tan yi chyuan assignment\dit1g9 dexter tan yi chyuan assignment\dit1 g9 dexter tan yi chyuan assignment.c(1801): warning C4566: character represented by universal-character-name '\u2588' cannot be represented in the current code page (1252)
c:\users\acer\desktop\dit1g9 dexter tan yi chyuan assignment\dit1g9 dexter tan yi chyuan assignment\dit1 g9 dexter tan yi chyuan assignment.c(1801): warning C4566: character represented by universal-character-name '\u2580' cannot be represented in the current code page (1252)
c:\users\acer\desktop\dit1g9 dexter tan yi chyuan assignment\dit1g9 dexter tan yi chyuan assignment\dit1 g9 dexter tan yi chyuan assignment.c(1802): warning C4566: character represented by universal-character-name '\u2588' cannot be represented in the current code page (1252)
c:\users\acer\desktop\dit1g9 dexter tan yi chyuan assignment\dit1g9 dexter tan yi chyuan assignment\dit1 g9 dexter tan yi chyuan assignment.c(1802): warning C4566: character represented by universal-character-name '\u2580' cannot be represented in the current code page (1252)
c:\users\acer\desktop\dit1g9 dexter tan yi chyuan assignment\dit1g9 dexter tan yi chyuan assignment\dit1 g9 dexter tan yi chyuan assignment.c(1803): warning C4566: character represented by universal-character-name '\u2588' cannot be represented in the current code page (1252)
c:\users\acer\desktop\dit1g9 dexter tan yi chyuan assignment\dit1g9 dexter tan yi chyuan assignment\dit1 g9 dexter tan yi chyuan assignment.c(1803): warning C4566: character represented by universal-character-name '\u2584' cannot be represented in the current code page (1252)
c:\users\acer\desktop\dit1g9 dexter tan yi chyuan assignment\dit1g9 dexter tan yi chyuan assignment\dit1 g9 dexter tan yi chyuan assignment.c(1804): warning C4566: character represented by universal-character-name '\u2588' cannot be represented in the current code page (1252)
c:\users\acer\desktop\dit1g9 dexter tan yi chyuan assignment\dit1g9 dexter tan yi chyuan assignment\dit1 g9 dexter tan yi chyuan assignment.c(1804): warning C4566: character represented by universal-character-name '\u2580' cannot be represented in the current code page (1252)
c:\users\acer\desktop\dit1g9 dexter tan yi chyuan assignment\dit1g9 dexter tan yi chyuan assignment\dit1 g9 dexter tan yi chyuan assignment.c(1805): warning C4566: character represented by universal-character-name '\u2588' cannot be represented in the current code page (1252)
c:\users\acer\desktop\dit1g9 dexter tan yi chyuan assignment\dit1g9 dexter tan yi chyuan assignment\dit1 g9 dexter tan yi chyuan assignment.c(1805): warning C4566: character represented by universal-character-name '\u2584' cannot be represented in the current code page (1252)
c:\users\acer\desktop\dit1g9 dexter tan yi chyuan assignment\dit1g9 dexter tan yi chyuan assignment\dit1 g9 dexter tan yi chyuan assignment.c(1806): warning C4566: character represented by universal-character-name '\u2588' cannot be represented in the current code page (1252)
c:\users\acer\desktop\dit1g9 dexter tan yi chyuan assignment\dit1g9 dexter tan yi chyuan assignment\dit1 g9 dexter tan yi chyuan assignment.c(1807): warning C4566: character represented by universal-character-name '\u2580' cannot be represented in the current code page (1252)
c:\users\acer\desktop\dit1g9 dexter tan yi chyuan assignment\dit1g9 dexter tan yi chyuan assignment\dit1 g9 dexter tan yi chyuan assignment.c(1807): warning C4566: character represented by universal-character-name '\u2588' cannot be represented in the current code page (1252)
c:\users\acer\desktop\dit1g9 dexter tan yi chyuan assignment\dit1g9 dexter tan yi chyuan assignment\dit1 g9 dexter tan yi chyuan assignment.c(1918): warning C4101: 'bookingMenu': unreferenced local variable
c:\users\acer\desktop\dit1g9 dexter tan yi chyuan assignment\dit1g9 dexter tan yi chyuan assignment\dit1 g9 dexter tan yi chyuan assignment.c(1918): warning C4101: 'programMenu': unreferenced local variable
c:\users\acer\desktop\dit1g9 dexter tan yi chyuan assignment\dit1g9 dexter tan yi chyuan assignment\dit1 g9 dexter tan yi chyuan assignment.c(2032): warning C4101: 'menu': unreferenced local variable
c:\users\acer\desktop\dit1g9 dexter tan yi chyuan assignment\dit1g9 dexter tan yi chyuan assignment\dit1 g9 dexter tan yi chyuan assignment.c(2354): warning C4101: 'menu': unreferenced local variable
c:\users\acer\desktop\dit1g9 dexter tan yi chyuan assignment\dit1g9 dexter tan yi chyuan assignment\dit1 g9 dexter tan yi chyuan assignment.c(2410): warning C4101: 'menu': unreferenced local variable
c:\users\acer\desktop\dit1g9 dexter tan yi chyuan assignment\dit1g9 dexter tan yi chyuan assignment\dit1 g9 dexter tan yi chyuan assignment.c(2735): warning C4101: 'yesno2': unreferenced local variable
c:\users\acer\desktop\dit1g9 dexter tan yi chyuan assignment\dit1g9 dexter tan yi chyuan assignment\dit1 g9 dexter tan yi chyuan assignment.c(2733): warning C4101: 'option': unreferenced local variable
c:\users\acer\desktop\dit1g9 dexter tan yi chyuan assignment\dit1g9 dexter tan yi chyuan assignment\dit1 g9 dexter tan yi chyuan assignment.c(2736): warning C4101: 'check': unreferenced local variable
c:\users\acer\desktop\dit1g9 dexter tan yi chyuan assignment\dit1g9 dexter tan yi chyuan assignment\dit1 g9 dexter tan yi chyuan assignment.c(3107): warning C4101: 'choice': unreferenced local variable
c:\users\acer\desktop\dit1g9 dexter tan yi chyuan assignment\dit1g9 dexter tan yi chyuan assignment\dit1 g9 dexter tan yi chyuan assignment.c(3264): warning C4129: '/': unrecognized character escape sequence
c:\users\acer\desktop\dit1g9 dexter tan yi chyuan assignment\dit1g9 dexter tan yi chyuan assignment\dit1 g9 dexter tan yi chyuan assignment.c(3396): warning C4129: '/': unrecognized character escape sequence
c:\users\acer\desktop\dit1g9 dexter tan yi chyuan assignment\dit1g9 dexter tan yi chyuan assignment\dit1 g9 dexter tan yi chyuan assignment.c(3186): warning C4101: 'choice2': unreferenced local variable
c:\users\acer\desktop\dit1g9 dexter tan yi chyuan assignment\dit1g9 dexter tan yi chyuan assignment\dit1 g9 dexter tan yi chyuan assignment.c(3469): warning C4101: 'choice': unreferenced local variable
c:\users\acer\desktop\dit1g9 dexter tan yi chyuan assignment\dit1g9 dexter tan yi chyuan assignment\dit1 g9 dexter tan yi chyuan assignment.c(720): warning C4715: 'editMenu': not all control paths return a value
c:\users\acer\desktop\dit1g9 dexter tan yi chyuan assignment\dit1g9 dexter tan yi chyuan assignment\dit1 g9 dexter tan yi chyuan assignment.c(571): warning C4715: 'addUserInformation': not all control paths return a value
c:\users\acer\desktop\dit1g9 dexter tan yi chyuan assignment\dit1g9 dexter tan yi chyuan assignment\dit1 g9 dexter tan yi chyuan assignment.c(1842): warning C4716: 'loginedMenu': must return a value
c:\users\acer\desktop\dit1g9 dexter tan yi chyuan assignment\dit1g9 dexter tan yi chyuan assignment\dit1 g9 dexter tan yi chyuan assignment.c(2465): warning C4716: 'facilityModules': must return a value
c:\users\acer\desktop\dit1g9 dexter tan yi chyuan assignment\dit1g9 dexter tan yi chyuan assignment\dit1 g9 dexter tan yi chyuan assignment.c(3569): warning C4715: 'checkingUserSelection': not all control paths return a value
  DIT1G9 Dexter Tan Yi Chyuan Assignment.vcxproj -> C:\Users\Acer\Desktop\DIT1G9 Dexter Tan Yi Chyuan Assignment\Debug\DIT1G9 Dexter Tan Yi Chyuan Assignment.exe
